<?xml version="1.0" encoding="UTF-8"?>
<testsuite name="com.aditi.www.pg4.AppTest" tests="1" skipped="0" failures="0" errors="0" timestamp="2025-03-18T01:07:11" hostname="HP" time="0.006">
  <properties/>
  <testcase name="testApp" classname="com.aditi.www.pg4.AppTest" time="0.006"/>
  <system-out><![CDATA[]]></system-out>
  <system-err><![CDATA[]]></system-err>
</testsuite>
